CRITICAL - 2026-03-14 02:01:30 --> CodeIgniter\View\Exceptions\ViewException: Invalid file: "welcome_message.php"
[Method: GET, Route: /]
in SYSTEMPATH/Exceptions/FrameworkException.php on line 39.
 1 SYSTEMPATH/View/View.php(226): CodeIgniter\Exceptions\FrameworkException::forInvalidFile('welcome_message.php')
 2 SYSTEMPATH/Common.php(1250): CodeIgniter\View\View->render('welcome_message', [], true)
 3 APPPATH/Controllers/Home.php(9): view('welcome_message')
 4 SYSTEMPATH/CodeIgniter.php(951): App\Controllers\Home->index()
 5 SYSTEMPATH/CodeIgniter.php(497): CodeIgniter\CodeIgniter->runController(Object(App\Controllers\Home))
 6 SYSTEMPATH/CodeIgniter.php(340): CodeIgniter\CodeIgniter->handleRequest(null, Object(Config\Cache), false)
 7 SYSTEMPATH/Boot.php(417): CodeIgniter\CodeIgniter->run()
 8 SYSTEMPATH/Boot.php(68): CodeIgniter\Boot::runCodeIgniter(Object(CodeIgniter\CodeIgniter))
 9 FCPATH/index.php(59): CodeIgniter\Boot::bootWeb(Object(Config\Paths))
CRITICAL - 2026-03-14 02:25:15 --> CodeIgniter\View\Exceptions\ViewException: Invalid file: "products_catalog.php"
[Method: GET, Route: products_catalog]
in SYSTEMPATH/Exceptions/FrameworkException.php on line 39.
 1 SYSTEMPATH/View/View.php(226): CodeIgniter\Exceptions\FrameworkException::forInvalidFile('products_catalog.php')
 2 SYSTEMPATH/Common.php(1250): CodeIgniter\View\View->render('products_catalog', [], true)
 3 APPPATH/Controllers/ProductsCatalog.php(9): view('products_catalog')
 4 SYSTEMPATH/CodeIgniter.php(951): App\Controllers\ProductsCatalog->index()
 5 SYSTEMPATH/CodeIgniter.php(497): CodeIgniter\CodeIgniter->runController(Object(App\Controllers\ProductsCatalog))
 6 SYSTEMPATH/CodeIgniter.php(340): CodeIgniter\CodeIgniter->handleRequest(null, Object(Config\Cache), false)
 7 SYSTEMPATH/Boot.php(417): CodeIgniter\CodeIgniter->run()
 8 SYSTEMPATH/Boot.php(68): CodeIgniter\Boot::runCodeIgniter(Object(CodeIgniter\CodeIgniter))
 9 FCPATH/index.php(59): CodeIgniter\Boot::bootWeb(Object(Config\Paths))
CRITICAL - 2026-03-14 02:26:23 --> CodeIgniter\View\Exceptions\ViewException: Invalid file: "products_catalog.php"
[Method: GET, Route: products_catalog]
in SYSTEMPATH/Exceptions/FrameworkException.php on line 39.
 1 SYSTEMPATH/View/View.php(226): CodeIgniter\Exceptions\FrameworkException::forInvalidFile('products_catalog.php')
 2 SYSTEMPATH/Common.php(1250): CodeIgniter\View\View->render('products_catalog', [], true)
 3 APPPATH/Controllers/ProductsCatalog.php(9): view('products_catalog')
 4 SYSTEMPATH/CodeIgniter.php(951): App\Controllers\ProductsCatalog->index()
 5 SYSTEMPATH/CodeIgniter.php(497): CodeIgniter\CodeIgniter->runController(Object(App\Controllers\ProductsCatalog))
 6 SYSTEMPATH/CodeIgniter.php(340): CodeIgniter\CodeIgniter->handleRequest(null, Object(Config\Cache), false)
 7 SYSTEMPATH/Boot.php(417): CodeIgniter\CodeIgniter->run()
 8 SYSTEMPATH/Boot.php(68): CodeIgniter\Boot::runCodeIgniter(Object(CodeIgniter\CodeIgniter))
 9 FCPATH/index.php(59): CodeIgniter\Boot::bootWeb(Object(Config\Paths))
CRITICAL - 2026-03-14 02:26:35 --> CodeIgniter\View\Exceptions\ViewException: Invalid file: "products_catalog.php"
[Method: GET, Route: products_catalog]
in SYSTEMPATH/Exceptions/FrameworkException.php on line 39.
 1 SYSTEMPATH/View/View.php(226): CodeIgniter\Exceptions\FrameworkException::forInvalidFile('products_catalog.php')
 2 SYSTEMPATH/Common.php(1250): CodeIgniter\View\View->render('products_catalog', [], true)
 3 APPPATH/Controllers/ProductsCatalog.php(9): view('products_catalog')
 4 SYSTEMPATH/CodeIgniter.php(951): App\Controllers\ProductsCatalog->index()
 5 SYSTEMPATH/CodeIgniter.php(497): CodeIgniter\CodeIgniter->runController(Object(App\Controllers\ProductsCatalog))
 6 SYSTEMPATH/CodeIgniter.php(340): CodeIgniter\CodeIgniter->handleRequest(null, Object(Config\Cache), false)
 7 SYSTEMPATH/Boot.php(417): CodeIgniter\CodeIgniter->run()
 8 SYSTEMPATH/Boot.php(68): CodeIgniter\Boot::runCodeIgniter(Object(CodeIgniter\CodeIgniter))
 9 FCPATH/index.php(59): CodeIgniter\Boot::bootWeb(Object(Config\Paths))
CRITICAL - 2026-03-14 02:26:35 --> CodeIgniter\View\Exceptions\ViewException: Invalid file: "products_catalog.php"
[Method: GET, Route: products_catalog]
in SYSTEMPATH/Exceptions/FrameworkException.php on line 39.
 1 SYSTEMPATH/View/View.php(226): CodeIgniter\Exceptions\FrameworkException::forInvalidFile('products_catalog.php')
 2 SYSTEMPATH/Common.php(1250): CodeIgniter\View\View->render('products_catalog', [], true)
 3 APPPATH/Controllers/ProductsCatalog.php(9): view('products_catalog')
 4 SYSTEMPATH/CodeIgniter.php(951): App\Controllers\ProductsCatalog->index()
 5 SYSTEMPATH/CodeIgniter.php(497): CodeIgniter\CodeIgniter->runController(Object(App\Controllers\ProductsCatalog))
 6 SYSTEMPATH/CodeIgniter.php(340): CodeIgniter\CodeIgniter->handleRequest(null, Object(Config\Cache), false)
 7 SYSTEMPATH/Boot.php(417): CodeIgniter\CodeIgniter->run()
 8 SYSTEMPATH/Boot.php(68): CodeIgniter\Boot::runCodeIgniter(Object(CodeIgniter\CodeIgniter))
 9 FCPATH/index.php(59): CodeIgniter\Boot::bootWeb(Object(Config\Paths))
CRITICAL - 2026-03-14 02:27:14 --> CodeIgniter\View\Exceptions\ViewException: Invalid file: "products_catalog.php"
[Method: GET, Route: products_catalog]
in SYSTEMPATH/Exceptions/FrameworkException.php on line 39.
 1 SYSTEMPATH/View/View.php(226): CodeIgniter\Exceptions\FrameworkException::forInvalidFile('products_catalog.php')
 2 SYSTEMPATH/Common.php(1250): CodeIgniter\View\View->render('products_catalog', [], true)
 3 APPPATH/Controllers/ProductsCatalog.php(9): view('products_catalog')
 4 SYSTEMPATH/CodeIgniter.php(951): App\Controllers\ProductsCatalog->index()
 5 SYSTEMPATH/CodeIgniter.php(497): CodeIgniter\CodeIgniter->runController(Object(App\Controllers\ProductsCatalog))
 6 SYSTEMPATH/CodeIgniter.php(340): CodeIgniter\CodeIgniter->handleRequest(null, Object(Config\Cache), false)
 7 SYSTEMPATH/Boot.php(417): CodeIgniter\CodeIgniter->run()
 8 SYSTEMPATH/Boot.php(68): CodeIgniter\Boot::runCodeIgniter(Object(CodeIgniter\CodeIgniter))
 9 FCPATH/index.php(59): CodeIgniter\Boot::bootWeb(Object(Config\Paths))
CRITICAL - 2026-03-14 02:28:48 --> CodeIgniter\View\Exceptions\ViewException: Invalid file: "products_catalog.php"
[Method: GET, Route: products_catalog]
in SYSTEMPATH/Exceptions/FrameworkException.php on line 39.
 1 SYSTEMPATH/View/View.php(226): CodeIgniter\Exceptions\FrameworkException::forInvalidFile('products_catalog.php')
 2 SYSTEMPATH/Common.php(1250): CodeIgniter\View\View->render('products_catalog', [], true)
 3 APPPATH/Controllers/ProductsCatalog.php(9): view('products_catalog')
 4 SYSTEMPATH/CodeIgniter.php(951): App\Controllers\ProductsCatalog->index()
 5 SYSTEMPATH/CodeIgniter.php(497): CodeIgniter\CodeIgniter->runController(Object(App\Controllers\ProductsCatalog))
 6 SYSTEMPATH/CodeIgniter.php(340): CodeIgniter\CodeIgniter->handleRequest(null, Object(Config\Cache), false)
 7 SYSTEMPATH/Boot.php(417): CodeIgniter\CodeIgniter->run()
 8 SYSTEMPATH/Boot.php(68): CodeIgniter\Boot::runCodeIgniter(Object(CodeIgniter\CodeIgniter))
 9 FCPATH/index.php(59): CodeIgniter\Boot::bootWeb(Object(Config\Paths))
CRITICAL - 2026-03-14 02:28:52 --> CodeIgniter\View\Exceptions\ViewException: Invalid file: "products_catalog.php"
[Method: GET, Route: products_catalog]
in SYSTEMPATH/Exceptions/FrameworkException.php on line 39.
 1 SYSTEMPATH/View/View.php(226): CodeIgniter\Exceptions\FrameworkException::forInvalidFile('products_catalog.php')
 2 SYSTEMPATH/Common.php(1250): CodeIgniter\View\View->render('products_catalog', [], true)
 3 APPPATH/Controllers/ProductsCatalog.php(9): view('products_catalog')
 4 SYSTEMPATH/CodeIgniter.php(951): App\Controllers\ProductsCatalog->index()
 5 SYSTEMPATH/CodeIgniter.php(497): CodeIgniter\CodeIgniter->runController(Object(App\Controllers\ProductsCatalog))
 6 SYSTEMPATH/CodeIgniter.php(340): CodeIgniter\CodeIgniter->handleRequest(null, Object(Config\Cache), false)
 7 SYSTEMPATH/Boot.php(417): CodeIgniter\CodeIgniter->run()
 8 SYSTEMPATH/Boot.php(68): CodeIgniter\Boot::runCodeIgniter(Object(CodeIgniter\CodeIgniter))
 9 FCPATH/index.php(59): CodeIgniter\Boot::bootWeb(Object(Config\Paths))
CRITICAL - 2026-03-14 02:31:18 --> CodeIgniter\View\Exceptions\ViewException: Invalid file: "products_catalog.php"
[Method: GET, Route: products_catalog]
in SYSTEMPATH/Exceptions/FrameworkException.php on line 39.
 1 SYSTEMPATH/View/View.php(226): CodeIgniter\Exceptions\FrameworkException::forInvalidFile('products_catalog.php')
 2 SYSTEMPATH/Common.php(1250): CodeIgniter\View\View->render('products_catalog', [], true)
 3 APPPATH/Controllers/ProductsCatalog.php(9): view('products_catalog')
 4 SYSTEMPATH/CodeIgniter.php(951): App\Controllers\ProductsCatalog->index()
 5 SYSTEMPATH/CodeIgniter.php(497): CodeIgniter\CodeIgniter->runController(Object(App\Controllers\ProductsCatalog))
 6 SYSTEMPATH/CodeIgniter.php(340): CodeIgniter\CodeIgniter->handleRequest(null, Object(Config\Cache), false)
 7 SYSTEMPATH/Boot.php(417): CodeIgniter\CodeIgniter->run()
 8 SYSTEMPATH/Boot.php(68): CodeIgniter\Boot::runCodeIgniter(Object(CodeIgniter\CodeIgniter))
 9 FCPATH/index.php(59): CodeIgniter\Boot::bootWeb(Object(Config\Paths))
CRITICAL - 2026-03-14 02:32:15 --> CodeIgniter\View\Exceptions\ViewException: Invalid file: "includes/header.php"
[Method: GET, Route: products_catalog]
in SYSTEMPATH/Exceptions/FrameworkException.php on line 39.
 1 SYSTEMPATH/View/View.php(226): CodeIgniter\Exceptions\FrameworkException::forInvalidFile('includes/header.php')
 2 SYSTEMPATH/Common.php(1250): CodeIgniter\View\View->render('includes/header', [], true)
 3 APPPATH/Views/products_catalog_view.php(1): view('includes/header')
 4 SYSTEMPATH/View/View.php(238): include('/Applications/MAMP/htdocs/thriftster/app/Views/products_catalog_view.php')
 5 SYSTEMPATH/View/View.php(241): CodeIgniter\View\View->CodeIgniter\View\{closure}()
 6 SYSTEMPATH/Common.php(1250): CodeIgniter\View\View->render('products_catalog_view', [], true)
 7 APPPATH/Controllers/ProductsCatalog.php(9): view('products_catalog_view')
 8 SYSTEMPATH/CodeIgniter.php(951): App\Controllers\ProductsCatalog->index()
 9 SYSTEMPATH/CodeIgniter.php(497): CodeIgniter\CodeIgniter->runController(Object(App\Controllers\ProductsCatalog))
10 SYSTEMPATH/CodeIgniter.php(340): CodeIgniter\CodeIgniter->handleRequest(null, Object(Config\Cache), false)
11 SYSTEMPATH/Boot.php(417): CodeIgniter\CodeIgniter->run()
12 SYSTEMPATH/Boot.php(68): CodeIgniter\Boot::runCodeIgniter(Object(CodeIgniter\CodeIgniter))
13 FCPATH/index.php(59): CodeIgniter\Boot::bootWeb(Object(Config\Paths))
CRITICAL - 2026-03-14 02:32:49 --> CodeIgniter\View\Exceptions\ViewException: Invalid file: "includes/header.php"
[Method: GET, Route: products_catalog]
in SYSTEMPATH/Exceptions/FrameworkException.php on line 39.
 1 SYSTEMPATH/View/View.php(226): CodeIgniter\Exceptions\FrameworkException::forInvalidFile('includes/header.php')
 2 SYSTEMPATH/Common.php(1250): CodeIgniter\View\View->render('includes/header', [], true)
 3 APPPATH/Views/products_catalog_view.php(1): view('includes/header')
 4 SYSTEMPATH/View/View.php(238): include('/Applications/MAMP/htdocs/thriftster/app/Views/products_catalog_view.php')
 5 SYSTEMPATH/View/View.php(241): CodeIgniter\View\View->CodeIgniter\View\{closure}()
 6 SYSTEMPATH/Common.php(1250): CodeIgniter\View\View->render('products_catalog_view', [], true)
 7 APPPATH/Controllers/ProductsCatalog.php(9): view('products_catalog_view')
 8 SYSTEMPATH/CodeIgniter.php(951): App\Controllers\ProductsCatalog->index()
 9 SYSTEMPATH/CodeIgniter.php(497): CodeIgniter\CodeIgniter->runController(Object(App\Controllers\ProductsCatalog))
10 SYSTEMPATH/CodeIgniter.php(340): CodeIgniter\CodeIgniter->handleRequest(null, Object(Config\Cache), false)
11 SYSTEMPATH/Boot.php(417): CodeIgniter\CodeIgniter->run()
12 SYSTEMPATH/Boot.php(68): CodeIgniter\Boot::runCodeIgniter(Object(CodeIgniter\CodeIgniter))
13 FCPATH/index.php(59): CodeIgniter\Boot::bootWeb(Object(Config\Paths))
CRITICAL - 2026-03-14 02:32:50 --> CodeIgniter\View\Exceptions\ViewException: Invalid file: "includes/header.php"
[Method: GET, Route: products_catalog]
in SYSTEMPATH/Exceptions/FrameworkException.php on line 39.
 1 SYSTEMPATH/View/View.php(226): CodeIgniter\Exceptions\FrameworkException::forInvalidFile('includes/header.php')
 2 SYSTEMPATH/Common.php(1250): CodeIgniter\View\View->render('includes/header', [], true)
 3 APPPATH/Views/products_catalog_view.php(1): view('includes/header')
 4 SYSTEMPATH/View/View.php(238): include('/Applications/MAMP/htdocs/thriftster/app/Views/products_catalog_view.php')
 5 SYSTEMPATH/View/View.php(241): CodeIgniter\View\View->CodeIgniter\View\{closure}()
 6 SYSTEMPATH/Common.php(1250): CodeIgniter\View\View->render('products_catalog_view', [], true)
 7 APPPATH/Controllers/ProductsCatalog.php(9): view('products_catalog_view')
 8 SYSTEMPATH/CodeIgniter.php(951): App\Controllers\ProductsCatalog->index()
 9 SYSTEMPATH/CodeIgniter.php(497): CodeIgniter\CodeIgniter->runController(Object(App\Controllers\ProductsCatalog))
10 SYSTEMPATH/CodeIgniter.php(340): CodeIgniter\CodeIgniter->handleRequest(null, Object(Config\Cache), false)
11 SYSTEMPATH/Boot.php(417): CodeIgniter\CodeIgniter->run()
12 SYSTEMPATH/Boot.php(68): CodeIgniter\Boot::runCodeIgniter(Object(CodeIgniter\CodeIgniter))
13 FCPATH/index.php(59): CodeIgniter\Boot::bootWeb(Object(Config\Paths))
CRITICAL - 2026-03-14 02:35:04 --> CodeIgniter\View\Exceptions\ViewException: Invalid file: "includes/header.php"
[Method: GET, Route: products_catalog_view]
in SYSTEMPATH/Exceptions/FrameworkException.php on line 39.
 1 SYSTEMPATH/View/View.php(226): CodeIgniter\Exceptions\FrameworkException::forInvalidFile('includes/header.php')
 2 SYSTEMPATH/Common.php(1250): CodeIgniter\View\View->render('includes/header', [], true)
 3 APPPATH/Views/products_catalog_view.php(1): view('includes/header')
 4 SYSTEMPATH/View/View.php(238): include('/Applications/MAMP/htdocs/thriftster/app/Views/products_catalog_view.php')
 5 SYSTEMPATH/View/View.php(241): CodeIgniter\View\View->CodeIgniter\View\{closure}()
 6 SYSTEMPATH/Common.php(1250): CodeIgniter\View\View->render('products_catalog_view', [], true)
 7 APPPATH/Controllers/ProductsCatalog.php(9): view('products_catalog_view')
 8 SYSTEMPATH/CodeIgniter.php(951): App\Controllers\ProductsCatalog->index()
 9 SYSTEMPATH/CodeIgniter.php(497): CodeIgniter\CodeIgniter->runController(Object(App\Controllers\ProductsCatalog))
10 SYSTEMPATH/CodeIgniter.php(340): CodeIgniter\CodeIgniter->handleRequest(null, Object(Config\Cache), false)
11 SYSTEMPATH/Boot.php(417): CodeIgniter\CodeIgniter->run()
12 SYSTEMPATH/Boot.php(68): CodeIgniter\Boot::runCodeIgniter(Object(CodeIgniter\CodeIgniter))
13 FCPATH/index.php(59): CodeIgniter\Boot::bootWeb(Object(Config\Paths))
CRITICAL - 2026-03-14 02:35:09 --> CodeIgniter\View\Exceptions\ViewException: Invalid file: "includes/header.php"
[Method: GET, Route: products_catalog_view]
in SYSTEMPATH/Exceptions/FrameworkException.php on line 39.
 1 SYSTEMPATH/View/View.php(226): CodeIgniter\Exceptions\FrameworkException::forInvalidFile('includes/header.php')
 2 SYSTEMPATH/Common.php(1250): CodeIgniter\View\View->render('includes/header', [], true)
 3 APPPATH/Views/products_catalog_view.php(1): view('includes/header')
 4 SYSTEMPATH/View/View.php(238): include('/Applications/MAMP/htdocs/thriftster/app/Views/products_catalog_view.php')
 5 SYSTEMPATH/View/View.php(241): CodeIgniter\View\View->CodeIgniter\View\{closure}()
 6 SYSTEMPATH/Common.php(1250): CodeIgniter\View\View->render('products_catalog_view', [], true)
 7 APPPATH/Controllers/ProductsCatalog.php(9): view('products_catalog_view')
 8 SYSTEMPATH/CodeIgniter.php(951): App\Controllers\ProductsCatalog->index()
 9 SYSTEMPATH/CodeIgniter.php(497): CodeIgniter\CodeIgniter->runController(Object(App\Controllers\ProductsCatalog))
10 SYSTEMPATH/CodeIgniter.php(340): CodeIgniter\CodeIgniter->handleRequest(null, Object(Config\Cache), false)
11 SYSTEMPATH/Boot.php(417): CodeIgniter\CodeIgniter->run()
12 SYSTEMPATH/Boot.php(68): CodeIgniter\Boot::runCodeIgniter(Object(CodeIgniter\CodeIgniter))
13 FCPATH/index.php(59): CodeIgniter\Boot::bootWeb(Object(Config\Paths))
CRITICAL - 2026-03-14 02:35:38 --> CodeIgniter\View\Exceptions\ViewException: Invalid file: "includes/footer.php"
[Method: GET, Route: products_catalog_view]
in SYSTEMPATH/Exceptions/FrameworkException.php on line 39.
 1 SYSTEMPATH/View/View.php(226): CodeIgniter\Exceptions\FrameworkException::forInvalidFile('includes/footer.php')
 2 SYSTEMPATH/Common.php(1250): CodeIgniter\View\View->render('includes/footer', [], true)
 3 APPPATH/Views/products_catalog_view.php(99): view('includes/footer')
 4 SYSTEMPATH/View/View.php(238): include('/Applications/MAMP/htdocs/thriftster/app/Views/products_catalog_view.php')
 5 SYSTEMPATH/View/View.php(241): CodeIgniter\View\View->CodeIgniter\View\{closure}()
 6 SYSTEMPATH/Common.php(1250): CodeIgniter\View\View->render('products_catalog_view', [], true)
 7 APPPATH/Controllers/ProductsCatalog.php(9): view('products_catalog_view')
 8 SYSTEMPATH/CodeIgniter.php(951): App\Controllers\ProductsCatalog->index()
 9 SYSTEMPATH/CodeIgniter.php(497): CodeIgniter\CodeIgniter->runController(Object(App\Controllers\ProductsCatalog))
10 SYSTEMPATH/CodeIgniter.php(340): CodeIgniter\CodeIgniter->handleRequest(null, Object(Config\Cache), false)
11 SYSTEMPATH/Boot.php(417): CodeIgniter\CodeIgniter->run()
12 SYSTEMPATH/Boot.php(68): CodeIgniter\Boot::runCodeIgniter(Object(CodeIgniter\CodeIgniter))
13 FCPATH/index.php(59): CodeIgniter\Boot::bootWeb(Object(Config\Paths))
CRITICAL - 2026-03-14 02:35:38 --> CodeIgniter\View\Exceptions\ViewException: Invalid file: "includes/footer.php"
[Method: GET, Route: products_catalog_view]
in SYSTEMPATH/Exceptions/FrameworkException.php on line 39.
 1 SYSTEMPATH/View/View.php(226): CodeIgniter\Exceptions\FrameworkException::forInvalidFile('includes/footer.php')
 2 SYSTEMPATH/Common.php(1250): CodeIgniter\View\View->render('includes/footer', [], true)
 3 APPPATH/Views/products_catalog_view.php(99): view('includes/footer')
 4 SYSTEMPATH/View/View.php(238): include('/Applications/MAMP/htdocs/thriftster/app/Views/products_catalog_view.php')
 5 SYSTEMPATH/View/View.php(241): CodeIgniter\View\View->CodeIgniter\View\{closure}()
 6 SYSTEMPATH/Common.php(1250): CodeIgniter\View\View->render('products_catalog_view', [], true)
 7 APPPATH/Controllers/ProductsCatalog.php(9): view('products_catalog_view')
 8 SYSTEMPATH/CodeIgniter.php(951): App\Controllers\ProductsCatalog->index()
 9 SYSTEMPATH/CodeIgniter.php(497): CodeIgniter\CodeIgniter->runController(Object(App\Controllers\ProductsCatalog))
10 SYSTEMPATH/CodeIgniter.php(340): CodeIgniter\CodeIgniter->handleRequest(null, Object(Config\Cache), false)
11 SYSTEMPATH/Boot.php(417): CodeIgniter\CodeIgniter->run()
12 SYSTEMPATH/Boot.php(68): CodeIgniter\Boot::runCodeIgniter(Object(CodeIgniter\CodeIgniter))
13 FCPATH/index.php(59): CodeIgniter\Boot::bootWeb(Object(Config\Paths))
CRITICAL - 2026-03-14 02:35:39 --> CodeIgniter\View\Exceptions\ViewException: Invalid file: "includes/footer.php"
[Method: GET, Route: products_catalog_view]
in SYSTEMPATH/Exceptions/FrameworkException.php on line 39.
 1 SYSTEMPATH/View/View.php(226): CodeIgniter\Exceptions\FrameworkException::forInvalidFile('includes/footer.php')
 2 SYSTEMPATH/Common.php(1250): CodeIgniter\View\View->render('includes/footer', [], true)
 3 APPPATH/Views/products_catalog_view.php(99): view('includes/footer')
 4 SYSTEMPATH/View/View.php(238): include('/Applications/MAMP/htdocs/thriftster/app/Views/products_catalog_view.php')
 5 SYSTEMPATH/View/View.php(241): CodeIgniter\View\View->CodeIgniter\View\{closure}()
 6 SYSTEMPATH/Common.php(1250): CodeIgniter\View\View->render('products_catalog_view', [], true)
 7 APPPATH/Controllers/ProductsCatalog.php(9): view('products_catalog_view')
 8 SYSTEMPATH/CodeIgniter.php(951): App\Controllers\ProductsCatalog->index()
 9 SYSTEMPATH/CodeIgniter.php(497): CodeIgniter\CodeIgniter->runController(Object(App\Controllers\ProductsCatalog))
10 SYSTEMPATH/CodeIgniter.php(340): CodeIgniter\CodeIgniter->handleRequest(null, Object(Config\Cache), false)
11 SYSTEMPATH/Boot.php(417): CodeIgniter\CodeIgniter->run()
12 SYSTEMPATH/Boot.php(68): CodeIgniter\Boot::runCodeIgniter(Object(CodeIgniter\CodeIgniter))
13 FCPATH/index.php(59): CodeIgniter\Boot::bootWeb(Object(Config\Paths))
